============================= test session starts ==============================
platform linux -- Python 3.11.2, pytest-8.3.4, pluggy-1.6.0 -- /home/kuitang/git/vibegrapher/backend/venv/bin/python3
cachedir: .pytest_cache
rootdir: /home/kuitang/git/vibegrapher/backend
configfile: pyproject.toml
plugins: cov-6.0.0, asyncio-0.25.2, anyio-4.10.0
asyncio: mode=Mode.AUTO, asyncio_default_fixture_loop_scope=function
collecting ... collected 5 items

backend/tests/integration/test_phase001_infrastructure.py::test_create_project PASSED [ 20%]
backend/tests/integration/test_phase001_infrastructure.py::test_get_project PASSED [ 40%]
backend/tests/integration/test_phase001_infrastructure.py::test_delete_project PASSED [ 60%]
backend/tests/integration/test_phase001_infrastructure.py::test_list_projects PASSED [ 80%]
backend/tests/integration/test_phase001_infrastructure.py::test_database_schema PASSED [100%]

=============================== warnings summary ===============================
backend/venv/lib/python3.11/site-packages/pydantic/_internal/_config.py:295
  /home/kuitang/git/vibegrapher/backend/venv/lib/python3.11/site-packages/pydantic/_internal/_config.py:295: PydanticDeprecatedSince20: Support for class-based `config` is deprecated, use ConfigDict instead. Deprecated in Pydantic V2.0 to be removed in V3.0. See Pydantic V2 Migration Guide at https://errors.pydantic.dev/2.10/migration/
    warnings.warn(DEPRECATION_MESSAGE, DeprecationWarning)

-- Docs: https://docs.pytest.org/en/stable/how-to/capture-warnings.html
========================= 5 passed, 1 warning in 7.65s =========================
